[debug] [2022-12-27T21:01:17.061Z] ----------------------------------------------------------------------
[debug] [2022-12-27T21:01:17.063Z] Command:       C:\Program Files\nodejs\node.exe C:\Users\Eteamar\AppData\Roaming\npm\node_modules\firebase-tools\lib\bin\firebase.js init
[debug] [2022-12-27T21:01:17.063Z] CLI Version:   11.19.0
[debug] [2022-12-27T21:01:17.063Z] Platform:      win32
[debug] [2022-12-27T21:01:17.063Z] Node Version:  v16.16.0
[debug] [2022-12-27T21:01:17.064Z] Time:          Tue Dec 27 2022 23:01:17 GMT+0200 (שעון ישראל (חורף))
[debug] [2022-12-27T21:01:17.064Z] ----------------------------------------------------------------------
[debug] 
[debug] [2022-12-27T21:01:17.067Z] >>> [apiv2][query] GET https://firebase-public.firebaseio.com/cli.json [none]
[debug] [2022-12-27T21:01:17.088Z] > command requires scopes: ["email","openid","https://www.googleapis.com/auth/cloudplatformprojects.readonly","https://www.googleapis.com/auth/firebase","https://www.googleapis.com/auth/cloud-platform"]
[debug] [2022-12-27T21:01:17.088Z] > authorizing via signed-in user (etamar1122@gmail.com)
[info] 
     ######## #### ########  ######## ########     ###     ######  ########
     ##        ##  ##     ## ##       ##     ##  ##   ##  ##       ##
     ######    ##  ########  ######   ########  #########  ######  ######
     ##        ##  ##    ##  ##       ##     ## ##     ##       ## ##
     ##       #### ##     ## ######## ########  ##     ##  ######  ########

You're about to initialize a Firebase project in this directory:

  D:\Travel-Agency\TA-client

[debug] [2022-12-27T21:01:17.428Z] <<< [apiv2][status] GET https://firebase-public.firebaseio.com/cli.json 200
[debug] [2022-12-27T21:01:17.428Z] <<< [apiv2][body] GET https://firebase-public.firebaseio.com/cli.json {"cloudBuildErrorAfter":1594252800000,"cloudBuildWarnAfter":1590019200000,"defaultNode10After":1594252800000,"minVersion":"3.0.5","node8DeploysDisabledAfter":1613390400000,"node8RuntimeDisabledAfter":1615809600000,"node8WarnAfter":1600128000000}
